<?xml version="1.0" encoding="UTF-8"?>
<testsuite name="PowerTest" tests="4" skipped="0" failures="0" errors="0" timestamp="2023-10-05T13:01:32" hostname="kubuntu-datta" time="0.11">
  <properties/>
  <testcase name="checkIfOneRaisedToOneIsOne()" classname="PowerTest" time="0.066"/>
  <testcase name="checkIfTwoRaisedToOneIsTwo()" classname="PowerTest" time="0.004"/>
  <testcase name="checkIfThreeRaisedToTwoIsNine()" classname="PowerTest" time="0.003"/>
  <testcase name="checkIfTwoPowerTwoIsFour()" classname="PowerTest" time="0.012"/>
  <system-out><![CDATA[]]></system-out>
  <system-err><![CDATA[]]></system-err>
</testsuite>
