<?xml version="1.0" encoding="UTF-8"?>
<testsuite name="PowerTest" tests="1" skipped="0" failures="0" errors="0" timestamp="2023-10-05T13:22:24" hostname="kubuntu-datta" time="0.108">
  <properties/>
  <testcase name="checkIfThreeRaisedToTwoIsNine()" classname="PowerTest" time="0.108"/>
  <system-out><![CDATA[]]></system-out>
  <system-err><![CDATA[]]></system-err>
</testsuite>
