<?xml version="1.0" encoding="UTF-8"?>
<testsuite name="PowerTest" tests="4" skipped="0" failures="0" errors="0" timestamp="2023-10-11T12:51:55" hostname="linux-datta" time="0.091">
  <properties/>
  <testcase name="checkIfThreeRaisedToTwoIsEqualsToNine()" classname="PowerTest" time="0.056"/>
  <testcase name="checkIfOneRaisedToOneIsEqualsTOOne()" classname="PowerTest" time="0.003"/>
  <testcase name="checkIfTwoPowerTwoIsEqualsToFour()" classname="PowerTest" time="0.004"/>
  <testcase name="checkIfTwoRaisedToOneIsEqualsToTwo()" classname="PowerTest" time="0.016"/>
  <system-out><![CDATA[]]></system-out>
  <system-err><![CDATA[]]></system-err>
</testsuite>
